<?xml version="1.0" encoding="UTF-8"?>
<!-- Generated by org.testng.reporters.JUnitReportReporter -->
<testsuite skipped="0" hostname="KALAMSIR-PC" name="tests.Runner1" tests="5" failures="1" timestamp="2022-08-27T12:54:09 IST" time="4.207" errors="0">
  <testcase name="runScenario" time="0.645" classname="tests.Runner1"/>
  <system-out/>
  <testcase name="runScenario" time="0.554" classname="tests.Runner1">
    <failure type="java.lang.AssertionError" message="expected [true] but found [false]">
      <![CDATA[java.lang.AssertionError: expected [true] but found [false]
at org.testng.Assert.fail(Assert.java:99)
at org.testng.Assert.failNotEquals(Assert.java:1037)
at org.testng.Assert.assertTrue(Assert.java:45)
at org.testng.Assert.assertTrue(Assert.java:55)
at gluecode.StepDefs4.method2(StepDefs4.java:40)
at âœ½.status code is 204(file:///E:/batch259/org.magnitia.restassured-BDDcucumber-pico-testng/src/test/resources/features/feature4.feature:10)
]]>
    </failure>
  </testcase> <!-- runScenario -->
  <system-out/>
  <testcase name="runScenario" time="1.572" classname="tests.Runner1"/>
  <system-out/>
  <testcase name="runScenario" time="0.845" classname="tests.Runner1"/>
  <system-out/>
  <testcase name="runScenario" time="0.591" classname="tests.Runner1"/>
  <system-out/>
</testsuite> <!-- tests.Runner1 -->
